{"/home/kaique/WebstormProjects/auth02/server/src/modules/user/domain/user.entity.ts": {"path":"/home/kaique/WebstormProjects/auth02/server/src/modules/user/domain/user.entity.ts","statementMap":{"0":{"start":{"line":8,"column":4},"end":{"line":8,"column":30}},"1":{"start":{"line":9,"column":4},"end":{"line":9,"column":30}},"2":{"start":{"line":10,"column":4},"end":{"line":10,"column":23}},"3":{"start":{"line":11,"column":4},"end":{"line":11,"column":29}}},"fnMap":{"0":{"name":"(anonymous_0)","decl":{"start":{"line":7,"column":2},"end":{"line":7,"column":3}},"loc":{"start":{"line":7,"column":88},"end":{"line":12,"column":3}},"line":7}},"branchMap":{},"s":{"0":2,"1":2,"2":2,"3":2},"f":{"0":2},"b":{},"_coverageSchema":"1a1c01bbd47fc00a2c39e90264f33305004495a9","hash":"639da4bb619767127534c53153a0c4b9137c2e94"}
,"/home/kaique/WebstormProjects/auth02/server/src/modules/user/useCases/reading/loginUser.useCase.ts": {"path":"/home/kaique/WebstormProjects/auth02/server/src/modules/user/useCases/reading/loginUser.useCase.ts","statementMap":{"0":{"start":{"line":9,"column":28},"end":{"line":9,"column":57}},"1":{"start":{"line":10,"column":34},"end":{"line":10,"column":79}},"2":{"start":{"line":17,"column":4},"end":{"line":17,"column":12}},"3":{"start":{"line":20,"column":4},"end":{"line":46,"column":5}},"4":{"start":{"line":21,"column":25},"end":{"line":21,"column":81}},"5":{"start":{"line":23,"column":6},"end":{"line":25,"column":7}},"6":{"start":{"line":24,"column":8},"end":{"line":24,"column":49}},"7":{"start":{"line":27,"column":6},"end":{"line":27,"column":24}},"8":{"start":{"line":28,"column":6},"end":{"line":28,"column":30}},"9":{"start":{"line":30,"column":20},"end":{"line":30,"column":92}},"10":{"start":{"line":32,"column":6},"end":{"line":34,"column":7}},"11":{"start":{"line":33,"column":8},"end":{"line":33,"column":49}},"12":{"start":{"line":36,"column":20},"end":{"line":36,"column":60}},"13":{"start":{"line":37,"column":28},"end":{"line":37,"column":80}},"14":{"start":{"line":39,"column":6},"end":{"line":43,"column":9}},"15":{"start":{"line":45,"column":6},"end":{"line":45,"column":51}}},"fnMap":{"0":{"name":"(anonymous_0)","decl":{"start":{"line":12,"column":2},"end":{"line":12,"column":3}},"loc":{"start":{"line":16,"column":4},"end":{"line":18,"column":3}},"line":16},"1":{"name":"(anonymous_1)","decl":{"start":{"line":19,"column":2},"end":{"line":19,"column":3}},"loc":{"start":{"line":19,"column":69},"end":{"line":47,"column":3}},"line":19}},"branchMap":{"0":{"loc":{"start":{"line":23,"column":6},"end":{"line":25,"column":7}},"type":"if","locations":[{"start":{"line":23,"column":6},"end":{"line":25,"column":7}},{"start":{},"end":{}}],"line":23},"1":{"loc":{"start":{"line":32,"column":6},"end":{"line":34,"column":7}},"type":"if","locations":[{"start":{"line":32,"column":6},"end":{"line":34,"column":7}},{"start":{},"end":{}}],"line":32}},"s":{"0":1,"1":1,"2":1,"3":4,"4":4,"5":3,"6":1,"7":2,"8":2,"9":2,"10":2,"11":1,"12":1,"13":1,"14":1,"15":1},"f":{"0":1,"1":4},"b":{"0":[1,2],"1":[1,1]},"_coverageSchema":"1a1c01bbd47fc00a2c39e90264f33305004495a9","hash":"96e2bf63b012796bccb3cd93f9cbb8e60545fd23"}
,"/home/kaique/WebstormProjects/auth02/server/src/modules/user/useCases/reading/test/mock/loginUser.mock.ts": {"path":"/home/kaique/WebstormProjects/auth02/server/src/modules/user/useCases/reading/test/mock/loginUser.mock.ts","statementMap":{"0":{"start":{"line":3,"column":29},"end":{"line":6,"column":1}}},"fnMap":{},"branchMap":{},"s":{"0":1},"f":{},"b":{},"_coverageSchema":"1a1c01bbd47fc00a2c39e90264f33305004495a9","hash":"b6f5be523e997c12e009b4d5430112b54acf29b4"}
,"/home/kaique/WebstormProjects/auth02/server/src/modules/user/useCases/structure/useCase.structures.ts": {"path":"/home/kaique/WebstormProjects/auth02/server/src/modules/user/useCases/structure/useCase.structures.ts","statementMap":{"0":{"start":{"line":19,"column":28},"end":{"line":19,"column":101}},"1":{"start":{"line":20,"column":16},"end":{"line":20,"column":27}},"2":{"start":{"line":21,"column":19},"end":{"line":21,"column":28}}},"fnMap":{},"branchMap":{},"s":{"0":2,"1":2,"2":2},"f":{},"b":{},"_coverageSchema":"1a1c01bbd47fc00a2c39e90264f33305004495a9","hash":"994be4ac91b1e4390e44aeff931e4c3513c6c1ce"}
,"/home/kaique/WebstormProjects/auth02/server/src/modules/user/useCases/writing/createUser.useCase.ts": {"path":"/home/kaique/WebstormProjects/auth02/server/src/modules/user/useCases/writing/createUser.useCase.ts","statementMap":{"0":{"start":{"line":8,"column":33},"end":{"line":8,"column":68}},"1":{"start":{"line":9,"column":33},"end":{"line":9,"column":60}},"2":{"start":{"line":15,"column":4},"end":{"line":15,"column":12}},"3":{"start":{"line":19,"column":4},"end":{"line":38,"column":5}},"4":{"start":{"line":20,"column":20},"end":{"line":20,"column":76}},"5":{"start":{"line":22,"column":6},"end":{"line":24,"column":7}},"6":{"start":{"line":23,"column":8},"end":{"line":23,"column":48}},"7":{"start":{"line":26,"column":19},"end":{"line":26,"column":54}},"8":{"start":{"line":28,"column":27},"end":{"line":28,"column":78}},"9":{"start":{"line":30,"column":19},"end":{"line":30,"column":66}},"10":{"start":{"line":32,"column":6},"end":{"line":32,"column":44}},"11":{"start":{"line":34,"column":6},"end":{"line":34,"column":32}},"12":{"start":{"line":35,"column":6},"end":{"line":35,"column":67}},"13":{"start":{"line":37,"column":6},"end":{"line":37,"column":51}}},"fnMap":{"0":{"name":"(anonymous_0)","decl":{"start":{"line":11,"column":2},"end":{"line":11,"column":3}},"loc":{"start":{"line":14,"column":4},"end":{"line":16,"column":3}},"line":14},"1":{"name":"(anonymous_1)","decl":{"start":{"line":18,"column":2},"end":{"line":18,"column":3}},"loc":{"start":{"line":18,"column":63},"end":{"line":39,"column":3}},"line":18}},"branchMap":{"0":{"loc":{"start":{"line":22,"column":6},"end":{"line":24,"column":7}},"type":"if","locations":[{"start":{"line":22,"column":6},"end":{"line":24,"column":7}},{"start":{},"end":{}}],"line":22}},"s":{"0":1,"1":1,"2":1,"3":3,"4":3,"5":2,"6":1,"7":1,"8":1,"9":1,"10":1,"11":1,"12":1,"13":1},"f":{"0":1,"1":3},"b":{"0":[1,1]},"_coverageSchema":"1a1c01bbd47fc00a2c39e90264f33305004495a9","hash":"07eb9aecac45654b1b6fc4b4ae55d9c11b453886"}
,"/home/kaique/WebstormProjects/auth02/server/src/modules/user/useCases/writing/test/mock/user.mock.ts": {"path":"/home/kaique/WebstormProjects/auth02/server/src/modules/user/useCases/writing/test/mock/user.mock.ts","statementMap":{"0":{"start":{"line":4,"column":24},"end":{"line":9,"column":1}}},"fnMap":{},"branchMap":{},"s":{"0":2},"f":{},"b":{},"_coverageSchema":"1a1c01bbd47fc00a2c39e90264f33305004495a9","hash":"e55802bb9a02a6686bc66146f44b8121ee045809"}
,"/home/kaique/WebstormProjects/auth02/server/src/utils/error/error.structure.ts": {"path":"/home/kaique/WebstormProjects/auth02/server/src/utils/error/error.structure.ts","statementMap":{"0":{"start":{"line":8,"column":4},"end":{"line":10,"column":5}},"1":{"start":{"line":9,"column":6},"end":{"line":9,"column":53}},"2":{"start":{"line":11,"column":4},"end":{"line":11,"column":25}},"3":{"start":{"line":12,"column":4},"end":{"line":12,"column":27}},"4":{"start":{"line":13,"column":4},"end":{"line":13,"column":24}},"5":{"start":{"line":14,"column":4},"end":{"line":14,"column":27}},"6":{"start":{"line":18,"column":4},"end":{"line":18,"column":69}},"7":{"start":{"line":22,"column":4},"end":{"line":22,"column":70}}},"fnMap":{"0":{"name":"(anonymous_0)","decl":{"start":{"line":7,"column":2},"end":{"line":7,"column":3}},"loc":{"start":{"line":7,"column":59},"end":{"line":15,"column":3}},"line":7},"1":{"name":"(anonymous_1)","decl":{"start":{"line":17,"column":2},"end":{"line":17,"column":3}},"loc":{"start":{"line":17,"column":92},"end":{"line":19,"column":3}},"line":17},"2":{"name":"(anonymous_2)","decl":{"start":{"line":21,"column":2},"end":{"line":21,"column":3}},"loc":{"start":{"line":21,"column":93},"end":{"line":23,"column":3}},"line":21}},"branchMap":{"0":{"loc":{"start":{"line":8,"column":4},"end":{"line":10,"column":5}},"type":"if","locations":[{"start":{"line":8,"column":4},"end":{"line":10,"column":5}},{"start":{},"end":{}}],"line":8},"1":{"loc":{"start":{"line":8,"column":8},"end":{"line":8,"column":36}},"type":"binary-expr","locations":[{"start":{"line":8,"column":8},"end":{"line":8,"column":20}},{"start":{"line":8,"column":24},"end":{"line":8,"column":36}}],"line":8},"2":{"loc":{"start":{"line":18,"column":50},"end":{"line":18,"column":61}},"type":"binary-expr","locations":[{"start":{"line":18,"column":50},"end":{"line":18,"column":55}},{"start":{"line":18,"column":59},"end":{"line":18,"column":61}}],"line":18},"3":{"loc":{"start":{"line":22,"column":50},"end":{"line":22,"column":61}},"type":"binary-expr","locations":[{"start":{"line":22,"column":50},"end":{"line":22,"column":55}},{"start":{"line":22,"column":59},"end":{"line":22,"column":61}}],"line":22}},"s":{"0":7,"1":0,"2":7,"3":7,"4":7,"5":7,"6":2,"7":5},"f":{"0":7,"1":2,"2":5},"b":{"0":[0,7],"1":[7,7],"2":[2,0],"3":[5,5]},"_coverageSchema":"1a1c01bbd47fc00a2c39e90264f33305004495a9","hash":"c7ec4e61c60214d9149bded2e0c2fcbec4cdbffb"}
,"/home/kaique/WebstormProjects/auth02/server/src/utils/helpers/crypto/password.crypto.ts": {"path":"/home/kaique/WebstormProjects/auth02/server/src/utils/helpers/crypto/password.crypto.ts","statementMap":{"0":{"start":{"line":6,"column":4},"end":{"line":6,"column":38}},"1":{"start":{"line":10,"column":4},"end":{"line":10,"column":49}},"2":{"start":{"line":14,"column":4},"end":{"line":14,"column":50}}},"fnMap":{"0":{"name":"(anonymous_0)","decl":{"start":{"line":5,"column":2},"end":{"line":5,"column":3}},"loc":{"start":{"line":5,"column":50},"end":{"line":7,"column":3}},"line":5},"1":{"name":"(anonymous_1)","decl":{"start":{"line":9,"column":2},"end":{"line":9,"column":3}},"loc":{"start":{"line":9,"column":62},"end":{"line":11,"column":3}},"line":9},"2":{"name":"(anonymous_2)","decl":{"start":{"line":13,"column":2},"end":{"line":13,"column":3}},"loc":{"start":{"line":13,"column":58},"end":{"line":15,"column":3}},"line":13}},"branchMap":{},"s":{"0":1,"1":1,"2":0},"f":{"0":1,"1":1,"2":0},"b":{},"_coverageSchema":"1a1c01bbd47fc00a2c39e90264f33305004495a9","hash":"3960596e922a84969921d4b0b99ed4d1bcc1cdf6"}
,"/home/kaique/WebstormProjects/auth02/server/src/utils/helpers/token/jwt.token.ts": {"path":"/home/kaique/WebstormProjects/auth02/server/src/utils/helpers/token/jwt.token.ts","statementMap":{"0":{"start":{"line":6,"column":4},"end":{"line":8,"column":7}},"1":{"start":{"line":12,"column":4},"end":{"line":12,"column":51}},"2":{"start":{"line":16,"column":4},"end":{"line":18,"column":7}},"3":{"start":{"line":22,"column":4},"end":{"line":22,"column":65}}},"fnMap":{"0":{"name":"(anonymous_0)","decl":{"start":{"line":5,"column":2},"end":{"line":5,"column":3}},"loc":{"start":{"line":5,"column":38},"end":{"line":9,"column":3}},"line":5},"1":{"name":"(anonymous_1)","decl":{"start":{"line":11,"column":2},"end":{"line":11,"column":3}},"loc":{"start":{"line":11,"column":26},"end":{"line":13,"column":3}},"line":11},"2":{"name":"(anonymous_2)","decl":{"start":{"line":15,"column":2},"end":{"line":15,"column":3}},"loc":{"start":{"line":15,"column":50},"end":{"line":19,"column":3}},"line":15},"3":{"name":"(anonymous_3)","decl":{"start":{"line":21,"column":2},"end":{"line":21,"column":3}},"loc":{"start":{"line":21,"column":38},"end":{"line":23,"column":3}},"line":21}},"branchMap":{},"s":{"0":1,"1":0,"2":1,"3":0},"f":{"0":1,"1":0,"2":1,"3":0},"b":{},"_coverageSchema":"1a1c01bbd47fc00a2c39e90264f33305004495a9","hash":"892054b42dff35df1bb0543bd62458e00538881f"}
}
