TN:
SF:src/modules/user/domain/user.entity.ts
FN:7,(anonymous_0)
FNF:1
FNH:1
FNDA:2,(anonymous_0)
DA:8,2
DA:9,2
DA:10,2
DA:11,2
LF:4
LH:4
BRF:0
BRH:0
end_of_record
TN:
SF:src/modules/user/useCases/reading/loginUser.useCase.ts
FN:12,(anonymous_0)
FN:19,(anonymous_1)
FNF:2
FNH:2
FNDA:1,(anonymous_0)
FNDA:4,(anonymous_1)
DA:9,1
DA:10,1
DA:17,1
DA:20,4
DA:21,4
DA:23,3
DA:24,1
DA:27,2
DA:28,2
DA:30,2
DA:32,2
DA:33,1
DA:36,1
DA:37,1
DA:39,1
DA:45,1
LF:16
LH:16
BRDA:23,0,0,1
BRDA:23,0,1,2
BRDA:32,1,0,1
BRDA:32,1,1,1
BRF:4
BRH:4
end_of_record
TN:
SF:src/modules/user/useCases/reading/test/mock/loginUser.mock.ts
FNF:0
FNH:0
DA:3,1
LF:1
LH:1
BRF:0
BRH:0
end_of_record
TN:
SF:src/modules/user/useCases/structure/useCase.structures.ts
FNF:0
FNH:0
DA:19,2
DA:20,2
DA:21,2
LF:3
LH:3
BRF:0
BRH:0
end_of_record
TN:
SF:src/modules/user/useCases/writing/createUser.useCase.ts
FN:11,(anonymous_0)
FN:18,(anonymous_1)
FNF:2
FNH:2
FNDA:1,(anonymous_0)
FNDA:3,(anonymous_1)
DA:8,1
DA:9,1
DA:15,1
DA:19,3
DA:20,3
DA:22,2
DA:23,1
DA:26,1
DA:28,1
DA:30,1
DA:32,1
DA:34,1
DA:35,1
DA:37,1
LF:14
LH:14
BRDA:22,0,0,1
BRDA:22,0,1,1
BRF:2
BRH:2
end_of_record
TN:
SF:src/modules/user/useCases/writing/test/mock/user.mock.ts
FNF:0
FNH:0
DA:4,2
LF:1
LH:1
BRF:0
BRH:0
end_of_record
TN:
SF:src/utils/error/error.structure.ts
FN:7,(anonymous_0)
FN:17,(anonymous_1)
FN:21,(anonymous_2)
FNF:3
FNH:3
FNDA:7,(anonymous_0)
FNDA:2,(anonymous_1)
FNDA:5,(anonymous_2)
DA:8,7
DA:9,0
DA:11,7
DA:12,7
DA:13,7
DA:14,7
DA:18,2
DA:22,5
LF:8
LH:7
BRDA:8,0,0,0
BRDA:8,0,1,7
BRDA:8,1,0,7
BRDA:8,1,1,7
BRDA:18,2,0,2
BRDA:18,2,1,0
BRDA:22,3,0,5
BRDA:22,3,1,5
BRF:8
BRH:6
end_of_record
TN:
SF:src/utils/helpers/crypto/password.crypto.ts
FN:5,(anonymous_0)
FN:9,(anonymous_1)
FN:13,(anonymous_2)
FNF:3
FNH:2
FNDA:1,(anonymous_0)
FNDA:1,(anonymous_1)
FNDA:0,(anonymous_2)
DA:6,1
DA:10,1
DA:14,0
LF:3
LH:2
BRF:0
BRH:0
end_of_record
TN:
SF:src/utils/helpers/token/jwt.token.ts
FN:5,(anonymous_0)
FN:11,(anonymous_1)
FN:15,(anonymous_2)
FN:21,(anonymous_3)
FNF:4
FNH:2
FNDA:1,(anonymous_0)
FNDA:0,(anonymous_1)
FNDA:1,(anonymous_2)
FNDA:0,(anonymous_3)
DA:6,1
DA:12,0
DA:16,1
DA:22,0
LF:4
LH:2
BRF:0
BRH:0
end_of_record
